0 info it worked if it ends with ok
1 verbose cli [ '/Users/calebkester/.nvm/versions/node/v6.2.1/bin/node',
1 verbose cli   '/Users/calebkester/.nvm/versions/node/v6.2.1/bin/npm',
1 verbose cli   'run',
1 verbose cli   'surge' ]
2 info using npm@3.9.3
3 info using node@v6.2.1
4 verbose run-script [ 'presurge', 'surge', 'postsurge' ]
5 info lifecycle kdm@1.0.0~presurge: kdm@1.0.0
6 silly lifecycle kdm@1.0.0~presurge: no script for presurge, continuing
7 info lifecycle kdm@1.0.0~surge: kdm@1.0.0
8 verbose lifecycle kdm@1.0.0~surge: unsafe-perm in lifecycle true
9 verbose lifecycle kdm@1.0.0~surge: PATH: /Users/calebkester/.nvm/versions/node/v6.2.1/lib/node_modules/npm/bin/node-gyp-bin:/Users/calebkester/Work/KDM_WWW/node_modules/.bin:/Users/calebkester/.nvm/versions/node/v6.2.1/bin:/Users/calebkester/.nvm/versions/node/v6.2.1/bin:/Users/calebkester/.dnx/runtimes/dnx-mono.1.0.0-beta4/bin:/usr/local/bin:/usr/bin:/bin:/usr/sbin:/sbin
10 verbose lifecycle kdm@1.0.0~surge: CWD: /Users/calebkester/Work/KDM_WWW
11 silly lifecycle kdm@1.0.0~surge: Args: [ '-c',
11 silly lifecycle   'surge --project ./public --domain thewatcher.surge.sh' ]
12 info lifecycle kdm@1.0.0~surge: Failed to exec surge script
13 verbose stack Error: kdm@1.0.0 surge: `surge --project ./public --domain thewatcher.surge.sh`
13 verbose stack spawn ENOENT
13 verbose stack     at ChildProcess.<anonymous> (/Users/calebkester/.nvm/versions/node/v6.2.1/lib/node_modules/npm/lib/utils/spawn.js:17:16)
13 verbose stack     at emitTwo (events.js:106:13)
13 verbose stack     at ChildProcess.emit (events.js:191:7)
13 verbose stack     at maybeClose (internal/child_process.js:852:16)
13 verbose stack     at Process.ChildProcess._handle.onexit (internal/child_process.js:215:5)
14 verbose pkgid kdm@1.0.0
15 verbose cwd /Users/calebkester/Work/KDM_WWW
16 error Darwin 16.7.0
17 error argv "/Users/calebkester/.nvm/versions/node/v6.2.1/bin/node" "/Users/calebkester/.nvm/versions/node/v6.2.1/bin/npm" "run" "surge"
18 error node v6.2.1
19 error npm  v3.9.3
20 error file sh
21 error code ELIFECYCLE
22 error errno ENOENT
23 error syscall spawn
24 error kdm@1.0.0 surge: `surge --project ./public --domain thewatcher.surge.sh`
24 error spawn ENOENT
25 error Failed at the kdm@1.0.0 surge script 'surge --project ./public --domain thewatcher.surge.sh'.
25 error Make sure you have the latest version of node.js and npm installed.
25 error If you do, this is most likely a problem with the kdm package,
25 error not with npm itself.
25 error Tell the author that this fails on your system:
25 error     surge --project ./public --domain thewatcher.surge.sh
25 error You can get information on how to open an issue for this project with:
25 error     npm bugs kdm
25 error Or if that isn't available, you can get their info via:
25 error     npm owner ls kdm
25 error There is likely additional logging output above.
26 verbose exit [ 1, true ]
